{"C:\\Users\\User\\Documents\\PERSONAL DOCS\\ROY\\vanier\\block4\\WEB SERVICES\\project\\tracker project v4\\app.js": {"path":"C:\\Users\\User\\Documents\\PERSONAL DOCS\\ROY\\vanier\\block4\\WEB SERVICES\\project\\tracker project v4\\app.js","statementMap":{"0":{"start":{"line":1,"column":16},"end":{"line":1,"column":34}},"1":{"start":{"line":2,"column":14},"end":{"line":2,"column":30}},"2":{"start":{"line":3,"column":19},"end":{"line":3,"column":41}},"3":{"start":{"line":4,"column":17},"end":{"line":4,"column":41}},"4":{"start":{"line":5,"column":19},"end":{"line":5,"column":55}},"5":{"start":{"line":6,"column":18},"end":{"line":6,"column":52}},"6":{"start":{"line":7,"column":15},"end":{"line":7,"column":55}},"7":{"start":{"line":9,"column":12},"end":{"line":9,"column":21}},"8":{"start":{"line":10,"column":13},"end":{"line":10,"column":17}},"9":{"start":{"line":12,"column":0},"end":{"line":12,"column":30}},"10":{"start":{"line":13,"column":0},"end":{"line":13,"column":34}},"11":{"start":{"line":14,"column":0},"end":{"line":14,"column":51}},"12":{"start":{"line":17,"column":16},"end":{"line":17,"column":50}},"13":{"start":{"line":18,"column":12},"end":{"line":18,"column":49}},"14":{"start":{"line":19,"column":11},"end":{"line":19,"column":16}},"15":{"start":{"line":20,"column":26},"end":{"line":20,"column":61}},"16":{"start":{"line":21,"column":28},"end":{"line":21,"column":30}},"17":{"start":{"line":25,"column":0},"end":{"line":68,"column":3}},"18":{"start":{"line":26,"column":18},"end":{"line":26,"column":20}},"19":{"start":{"line":28,"column":14},"end":{"line":28,"column":40}},"20":{"start":{"line":29,"column":2},"end":{"line":65,"column":3}},"21":{"start":{"line":30,"column":4},"end":{"line":46,"column":9}},"22":{"start":{"line":35,"column":21},"end":{"line":35,"column":29}},"23":{"start":{"line":36,"column":22},"end":{"line":36,"column":32}},"24":{"start":{"line":37,"column":8},"end":{"line":42,"column":11}},"25":{"start":{"line":39,"column":29},"end":{"line":39,"column":56}},"26":{"start":{"line":40,"column":24},"end":{"line":40,"column":73}},"27":{"start":{"line":41,"column":10},"end":{"line":41,"column":34}},"28":{"start":{"line":45,"column":8},"end":{"line":45,"column":25}},"29":{"start":{"line":48,"column":4},"end":{"line":64,"column":9}},"30":{"start":{"line":53,"column":21},"end":{"line":53,"column":29}},"31":{"start":{"line":54,"column":22},"end":{"line":54,"column":32}},"32":{"start":{"line":55,"column":8},"end":{"line":60,"column":11}},"33":{"start":{"line":57,"column":29},"end":{"line":57,"column":56}},"34":{"start":{"line":58,"column":24},"end":{"line":58,"column":73}},"35":{"start":{"line":59,"column":10},"end":{"line":59,"column":34}},"36":{"start":{"line":63,"column":8},"end":{"line":63,"column":25}},"37":{"start":{"line":67,"column":2},"end":{"line":67,"column":79}},"38":{"start":{"line":71,"column":0},"end":{"line":125,"column":3}},"39":{"start":{"line":72,"column":19},"end":{"line":72,"column":40}},"40":{"start":{"line":73,"column":17},"end":{"line":73,"column":36}},"41":{"start":{"line":74,"column":17},"end":{"line":74,"column":37}},"42":{"start":{"line":76,"column":2},"end":{"line":84,"column":7}},"43":{"start":{"line":79,"column":19},"end":{"line":79,"column":29}},"44":{"start":{"line":81,"column":6},"end":{"line":81,"column":48}},"45":{"start":{"line":82,"column":6},"end":{"line":82,"column":63}},"46":{"start":{"line":83,"column":6},"end":{"line":83,"column":35}},"47":{"start":{"line":85,"column":18},"end":{"line":85,"column":20}},"48":{"start":{"line":86,"column":14},"end":{"line":86,"column":40}},"49":{"start":{"line":87,"column":2},"end":{"line":123,"column":3}},"50":{"start":{"line":88,"column":4},"end":{"line":104,"column":9}},"51":{"start":{"line":93,"column":21},"end":{"line":93,"column":29}},"52":{"start":{"line":94,"column":22},"end":{"line":94,"column":32}},"53":{"start":{"line":95,"column":8},"end":{"line":100,"column":11}},"54":{"start":{"line":97,"column":29},"end":{"line":97,"column":56}},"55":{"start":{"line":98,"column":24},"end":{"line":98,"column":73}},"56":{"start":{"line":99,"column":10},"end":{"line":99,"column":34}},"57":{"start":{"line":103,"column":8},"end":{"line":103,"column":25}},"58":{"start":{"line":106,"column":4},"end":{"line":122,"column":9}},"59":{"start":{"line":111,"column":21},"end":{"line":111,"column":29}},"60":{"start":{"line":112,"column":22},"end":{"line":112,"column":32}},"61":{"start":{"line":113,"column":8},"end":{"line":118,"column":11}},"62":{"start":{"line":115,"column":29},"end":{"line":115,"column":56}},"63":{"start":{"line":116,"column":24},"end":{"line":116,"column":73}},"64":{"start":{"line":117,"column":10},"end":{"line":117,"column":34}},"65":{"start":{"line":121,"column":8},"end":{"line":121,"column":25}},"66":{"start":{"line":124,"column":2},"end":{"line":124,"column":79}},"67":{"start":{"line":127,"column":0},"end":{"line":133,"column":3}},"68":{"start":{"line":128,"column":18},"end":{"line":128,"column":41}},"69":{"start":{"line":129,"column":2},"end":{"line":132,"column":3}},"70":{"start":{"line":130,"column":4},"end":{"line":130,"column":32}},"71":{"start":{"line":131,"column":4},"end":{"line":131,"column":22}},"72":{"start":{"line":135,"column":0},"end":{"line":137,"column":3}},"73":{"start":{"line":136,"column":2},"end":{"line":136,"column":38}},"74":{"start":{"line":139,"column":0},"end":{"line":159,"column":3}},"75":{"start":{"line":140,"column":15},"end":{"line":140,"column":38}},"76":{"start":{"line":141,"column":20},"end":{"line":141,"column":38}},"77":{"start":{"line":143,"column":23},"end":{"line":143,"column":43}},"78":{"start":{"line":146,"column":2},"end":{"line":157,"column":7}},"79":{"start":{"line":151,"column":19},"end":{"line":151,"column":27}},"80":{"start":{"line":152,"column":6},"end":{"line":152,"column":21}},"81":{"start":{"line":153,"column":6},"end":{"line":153,"column":36}},"82":{"start":{"line":156,"column":6},"end":{"line":156,"column":23}},"83":{"start":{"line":158,"column":2},"end":{"line":158,"column":20}},"84":{"start":{"line":161,"column":0},"end":{"line":163,"column":3}},"85":{"start":{"line":162,"column":2},"end":{"line":162,"column":48}},"86":{"start":{"line":165,"column":0},"end":{"line":167,"column":3}},"87":{"start":{"line":166,"column":2},"end":{"line":166,"column":51}},"88":{"start":{"line":170,"column":0},"end":{"line":213,"column":3}},"89":{"start":{"line":171,"column":18},"end":{"line":171,"column":20}},"90":{"start":{"line":172,"column":14},"end":{"line":172,"column":40}},"91":{"start":{"line":173,"column":2},"end":{"line":211,"column":3}},"92":{"start":{"line":174,"column":4},"end":{"line":191,"column":9}},"93":{"start":{"line":180,"column":21},"end":{"line":180,"column":29}},"94":{"start":{"line":181,"column":22},"end":{"line":181,"column":32}},"95":{"start":{"line":182,"column":8},"end":{"line":187,"column":11}},"96":{"start":{"line":184,"column":29},"end":{"line":184,"column":56}},"97":{"start":{"line":185,"column":24},"end":{"line":185,"column":73}},"98":{"start":{"line":186,"column":10},"end":{"line":186,"column":34}},"99":{"start":{"line":190,"column":8},"end":{"line":190,"column":25}},"100":{"start":{"line":193,"column":4},"end":{"line":210,"column":9}},"101":{"start":{"line":199,"column":21},"end":{"line":199,"column":29}},"102":{"start":{"line":200,"column":22},"end":{"line":200,"column":32}},"103":{"start":{"line":201,"column":8},"end":{"line":206,"column":11}},"104":{"start":{"line":203,"column":29},"end":{"line":203,"column":56}},"105":{"start":{"line":204,"column":24},"end":{"line":204,"column":73}},"106":{"start":{"line":205,"column":10},"end":{"line":205,"column":34}},"107":{"start":{"line":209,"column":8},"end":{"line":209,"column":25}},"108":{"start":{"line":212,"column":2},"end":{"line":212,"column":53}},"109":{"start":{"line":215,"column":0},"end":{"line":222,"column":3}},"110":{"start":{"line":216,"column":20},"end":{"line":216,"column":34}},"111":{"start":{"line":217,"column":2},"end":{"line":219,"column":3}},"112":{"start":{"line":218,"column":4},"end":{"line":218,"column":27}},"113":{"start":{"line":220,"column":2},"end":{"line":220,"column":25}},"114":{"start":{"line":221,"column":2},"end":{"line":221,"column":25}},"115":{"start":{"line":224,"column":0},"end":{"line":231,"column":3}},"116":{"start":{"line":225,"column":22},"end":{"line":225,"column":36}},"117":{"start":{"line":226,"column":2},"end":{"line":228,"column":3}},"118":{"start":{"line":227,"column":4},"end":{"line":227,"column":32}},"119":{"start":{"line":229,"column":2},"end":{"line":229,"column":27}},"120":{"start":{"line":230,"column":2},"end":{"line":230,"column":25}},"121":{"start":{"line":233,"column":0},"end":{"line":235,"column":3}},"122":{"start":{"line":234,"column":2},"end":{"line":234,"column":42}},"123":{"start":{"line":237,"column":0},"end":{"line":239,"column":3}},"124":{"start":{"line":238,"column":2},"end":{"line":238,"column":46}},"125":{"start":{"line":241,"column":0},"end":{"line":243,"column":3}},"126":{"start":{"line":242,"column":2},"end":{"line":242,"column":50}},"127":{"start":{"line":245,"column":0},"end":{"line":253,"column":3}},"128":{"start":{"line":246,"column":25},"end":{"line":246,"column":48}},"129":{"start":{"line":247,"column":24},"end":{"line":247,"column":44}},"130":{"start":{"line":248,"column":16},"end":{"line":248,"column":35}},"131":{"start":{"line":249,"column":16},"end":{"line":249,"column":35}},"132":{"start":{"line":250,"column":19},"end":{"line":250,"column":37}},"133":{"start":{"line":251,"column":2},"end":{"line":251,"column":67}},"134":{"start":{"line":252,"column":2},"end":{"line":252,"column":50}},"135":{"start":{"line":255,"column":0},"end":{"line":257,"column":3}},"136":{"start":{"line":256,"column":2},"end":{"line":256,"column":32}},"137":{"start":{"line":259,"column":0},"end":{"line":261,"column":3}},"138":{"start":{"line":260,"column":2},"end":{"line":260,"column":66}},"139":{"start":{"line":265,"column":2},"end":{"line":265,"column":43}},"140":{"start":{"line":270,"column":2},"end":{"line":270,"column":16}},"141":{"start":{"line":275,"column":2},"end":{"line":275,"column":45}},"142":{"start":{"line":280,"column":14},"end":{"line":280,"column":59}},"143":{"start":{"line":281,"column":2},"end":{"line":285,"column":3}},"144":{"start":{"line":282,"column":4},"end":{"line":282,"column":43}},"145":{"start":{"line":284,"column":4},"end":{"line":284,"column":38}},"146":{"start":{"line":290,"column":18},"end":{"line":290,"column":30}},"147":{"start":{"line":291,"column":2},"end":{"line":303,"column":49}},"148":{"start":{"line":303,"column":23},"end":{"line":303,"column":47}},"149":{"start":{"line":307,"column":18},"end":{"line":307,"column":30}},"150":{"start":{"line":308,"column":2},"end":{"line":320,"column":49}},"151":{"start":{"line":320,"column":23},"end":{"line":320,"column":47}},"152":{"start":{"line":323,"column":2},"end":{"line":323,"column":26}},"153":{"start":{"line":324,"column":2},"end":{"line":324,"column":31}},"154":{"start":{"line":325,"column":14},"end":{"line":325,"column":15}},"155":{"start":{"line":326,"column":2},"end":{"line":348,"column":5}},"156":{"start":{"line":327,"column":4},"end":{"line":345,"column":9}},"157":{"start":{"line":332,"column":21},"end":{"line":332,"column":29}},"158":{"start":{"line":333,"column":22},"end":{"line":333,"column":32}},"159":{"start":{"line":334,"column":32},"end":{"line":334,"column":70}},"160":{"start":{"line":335,"column":8},"end":{"line":335,"column":37}},"161":{"start":{"line":336,"column":8},"end":{"line":344,"column":9}},"162":{"start":{"line":337,"column":10},"end":{"line":343,"column":11}},"163":{"start":{"line":338,"column":12},"end":{"line":338,"column":72}},"164":{"start":{"line":339,"column":17},"end":{"line":343,"column":11}},"165":{"start":{"line":340,"column":12},"end":{"line":340,"column":72}},"166":{"start":{"line":342,"column":12},"end":{"line":342,"column":38}},"167":{"start":{"line":346,"column":4},"end":{"line":346,"column":37}},"168":{"start":{"line":347,"column":4},"end":{"line":347,"column":12}},"169":{"start":{"line":351,"column":0},"end":{"line":351,"column":44}},"170":{"start":{"line":352,"column":0},"end":{"line":352,"column":29}},"171":{"start":{"line":353,"column":0},"end":{"line":353,"column":42}},"172":{"start":{"line":354,"column":0},"end":{"line":354,"column":30}}},"fnMap":{"0":{"name":"(anonymous_0)","decl":{"start":{"line":25,"column":13},"end":{"line":25,"column":14}},"loc":{"start":{"line":25,"column":33},"end":{"line":68,"column":1}},"line":25},"1":{"name":"(anonymous_1)","decl":{"start":{"line":34,"column":12},"end":{"line":34,"column":13}},"loc":{"start":{"line":34,"column":21},"end":{"line":43,"column":7}},"line":34},"2":{"name":"(anonymous_2)","decl":{"start":{"line":37,"column":38},"end":{"line":37,"column":39}},"loc":{"start":{"line":37,"column":60},"end":{"line":42,"column":9}},"line":37},"3":{"name":"(anonymous_3)","decl":{"start":{"line":44,"column":13},"end":{"line":44,"column":14}},"loc":{"start":{"line":44,"column":22},"end":{"line":46,"column":7}},"line":44},"4":{"name":"(anonymous_4)","decl":{"start":{"line":52,"column":12},"end":{"line":52,"column":13}},"loc":{"start":{"line":52,"column":21},"end":{"line":61,"column":7}},"line":52},"5":{"name":"(anonymous_5)","decl":{"start":{"line":55,"column":38},"end":{"line":55,"column":39}},"loc":{"start":{"line":55,"column":60},"end":{"line":60,"column":9}},"line":55},"6":{"name":"(anonymous_6)","decl":{"start":{"line":62,"column":13},"end":{"line":62,"column":14}},"loc":{"start":{"line":62,"column":22},"end":{"line":64,"column":7}},"line":62},"7":{"name":"(anonymous_7)","decl":{"start":{"line":71,"column":14},"end":{"line":71,"column":15}},"loc":{"start":{"line":71,"column":34},"end":{"line":125,"column":1}},"line":71},"8":{"name":"(anonymous_8)","decl":{"start":{"line":79,"column":10},"end":{"line":79,"column":11}},"loc":{"start":{"line":79,"column":19},"end":{"line":79,"column":29}},"line":79},"9":{"name":"(anonymous_9)","decl":{"start":{"line":80,"column":10},"end":{"line":80,"column":11}},"loc":{"start":{"line":80,"column":20},"end":{"line":84,"column":5}},"line":80},"10":{"name":"(anonymous_10)","decl":{"start":{"line":92,"column":12},"end":{"line":92,"column":13}},"loc":{"start":{"line":92,"column":21},"end":{"line":101,"column":7}},"line":92},"11":{"name":"(anonymous_11)","decl":{"start":{"line":95,"column":38},"end":{"line":95,"column":39}},"loc":{"start":{"line":95,"column":60},"end":{"line":100,"column":9}},"line":95},"12":{"name":"(anonymous_12)","decl":{"start":{"line":102,"column":13},"end":{"line":102,"column":14}},"loc":{"start":{"line":102,"column":22},"end":{"line":104,"column":7}},"line":102},"13":{"name":"(anonymous_13)","decl":{"start":{"line":110,"column":12},"end":{"line":110,"column":13}},"loc":{"start":{"line":110,"column":21},"end":{"line":119,"column":7}},"line":110},"14":{"name":"(anonymous_14)","decl":{"start":{"line":113,"column":38},"end":{"line":113,"column":39}},"loc":{"start":{"line":113,"column":60},"end":{"line":118,"column":9}},"line":113},"15":{"name":"(anonymous_15)","decl":{"start":{"line":120,"column":13},"end":{"line":120,"column":14}},"loc":{"start":{"line":120,"column":22},"end":{"line":122,"column":7}},"line":120},"16":{"name":"(anonymous_16)","decl":{"start":{"line":127,"column":24},"end":{"line":127,"column":25}},"loc":{"start":{"line":127,"column":38},"end":{"line":133,"column":1}},"line":127},"17":{"name":"(anonymous_17)","decl":{"start":{"line":135,"column":16},"end":{"line":135,"column":17}},"loc":{"start":{"line":135,"column":30},"end":{"line":137,"column":1}},"line":135},"18":{"name":"(anonymous_18)","decl":{"start":{"line":139,"column":17},"end":{"line":139,"column":18}},"loc":{"start":{"line":139,"column":37},"end":{"line":159,"column":1}},"line":139},"19":{"name":"(anonymous_19)","decl":{"start":{"line":150,"column":10},"end":{"line":150,"column":11}},"loc":{"start":{"line":150,"column":19},"end":{"line":154,"column":5}},"line":150},"20":{"name":"(anonymous_20)","decl":{"start":{"line":155,"column":11},"end":{"line":155,"column":12}},"loc":{"start":{"line":155,"column":20},"end":{"line":157,"column":5}},"line":155},"21":{"name":"(anonymous_21)","decl":{"start":{"line":161,"column":21},"end":{"line":161,"column":22}},"loc":{"start":{"line":161,"column":35},"end":{"line":163,"column":1}},"line":161},"22":{"name":"(anonymous_22)","decl":{"start":{"line":165,"column":22},"end":{"line":165,"column":23}},"loc":{"start":{"line":165,"column":36},"end":{"line":167,"column":1}},"line":165},"23":{"name":"(anonymous_23)","decl":{"start":{"line":170,"column":18},"end":{"line":170,"column":19}},"loc":{"start":{"line":170,"column":38},"end":{"line":213,"column":1}},"line":170},"24":{"name":"(anonymous_24)","decl":{"start":{"line":178,"column":12},"end":{"line":178,"column":13}},"loc":{"start":{"line":178,"column":21},"end":{"line":188,"column":7}},"line":178},"25":{"name":"(anonymous_25)","decl":{"start":{"line":182,"column":38},"end":{"line":182,"column":39}},"loc":{"start":{"line":182,"column":60},"end":{"line":187,"column":9}},"line":182},"26":{"name":"(anonymous_26)","decl":{"start":{"line":189,"column":13},"end":{"line":189,"column":14}},"loc":{"start":{"line":189,"column":22},"end":{"line":191,"column":7}},"line":189},"27":{"name":"(anonymous_27)","decl":{"start":{"line":197,"column":12},"end":{"line":197,"column":13}},"loc":{"start":{"line":197,"column":21},"end":{"line":207,"column":7}},"line":197},"28":{"name":"(anonymous_28)","decl":{"start":{"line":201,"column":38},"end":{"line":201,"column":39}},"loc":{"start":{"line":201,"column":60},"end":{"line":206,"column":9}},"line":201},"29":{"name":"(anonymous_29)","decl":{"start":{"line":208,"column":13},"end":{"line":208,"column":14}},"loc":{"start":{"line":208,"column":22},"end":{"line":210,"column":7}},"line":208},"30":{"name":"(anonymous_30)","decl":{"start":{"line":215,"column":17},"end":{"line":215,"column":18}},"loc":{"start":{"line":215,"column":31},"end":{"line":222,"column":1}},"line":215},"31":{"name":"(anonymous_31)","decl":{"start":{"line":224,"column":20},"end":{"line":224,"column":21}},"loc":{"start":{"line":224,"column":34},"end":{"line":231,"column":1}},"line":224},"32":{"name":"(anonymous_32)","decl":{"start":{"line":233,"column":18},"end":{"line":233,"column":19}},"loc":{"start":{"line":233,"column":32},"end":{"line":235,"column":1}},"line":233},"33":{"name":"(anonymous_33)","decl":{"start":{"line":237,"column":20},"end":{"line":237,"column":21}},"loc":{"start":{"line":237,"column":34},"end":{"line":239,"column":1}},"line":237},"34":{"name":"(anonymous_34)","decl":{"start":{"line":241,"column":25},"end":{"line":241,"column":26}},"loc":{"start":{"line":241,"column":39},"end":{"line":243,"column":1}},"line":241},"35":{"name":"(anonymous_35)","decl":{"start":{"line":245,"column":26},"end":{"line":245,"column":27}},"loc":{"start":{"line":245,"column":40},"end":{"line":253,"column":1}},"line":245},"36":{"name":"(anonymous_36)","decl":{"start":{"line":255,"column":8},"end":{"line":255,"column":9}},"loc":{"start":{"line":255,"column":22},"end":{"line":257,"column":1}},"line":255},"37":{"name":"(anonymous_37)","decl":{"start":{"line":259,"column":17},"end":{"line":259,"column":18}},"loc":{"start":{"line":259,"column":23},"end":{"line":261,"column":1}},"line":259},"38":{"name":"checkUserDefinedCurrency","decl":{"start":{"line":264,"column":9},"end":{"line":264,"column":33}},"loc":{"start":{"line":264,"column":36},"end":{"line":266,"column":1}},"line":264},"39":{"name":"changeCurrencyBase","decl":{"start":{"line":269,"column":9},"end":{"line":269,"column":27}},"loc":{"start":{"line":269,"column":36},"end":{"line":271,"column":1}},"line":269},"40":{"name":"addCurrency","decl":{"start":{"line":274,"column":9},"end":{"line":274,"column":20}},"loc":{"start":{"line":274,"column":37},"end":{"line":276,"column":1}},"line":274},"41":{"name":"deleteCurrency","decl":{"start":{"line":279,"column":9},"end":{"line":279,"column":23}},"loc":{"start":{"line":279,"column":40},"end":{"line":286,"column":1}},"line":279},"42":{"name":"sendMessage1","decl":{"start":{"line":289,"column":9},"end":{"line":289,"column":21}},"loc":{"start":{"line":289,"column":58},"end":{"line":304,"column":1}},"line":289},"43":{"name":"(anonymous_43)","decl":{"start":{"line":303,"column":10},"end":{"line":303,"column":11}},"loc":{"start":{"line":303,"column":23},"end":{"line":303,"column":47}},"line":303},"44":{"name":"sendMessage2","decl":{"start":{"line":306,"column":9},"end":{"line":306,"column":21}},"loc":{"start":{"line":306,"column":58},"end":{"line":321,"column":1}},"line":306},"45":{"name":"(anonymous_45)","decl":{"start":{"line":320,"column":10},"end":{"line":320,"column":11}},"loc":{"start":{"line":320,"column":23},"end":{"line":320,"column":47}},"line":320},"46":{"name":"scheduler","decl":{"start":{"line":322,"column":9},"end":{"line":322,"column":18}},"loc":{"start":{"line":322,"column":64},"end":{"line":349,"column":1}},"line":322},"47":{"name":"(anonymous_47)","decl":{"start":{"line":326,"column":40},"end":{"line":326,"column":41}},"loc":{"start":{"line":326,"column":46},"end":{"line":348,"column":3}},"line":326},"48":{"name":"(anonymous_48)","decl":{"start":{"line":331,"column":12},"end":{"line":331,"column":13}},"loc":{"start":{"line":331,"column":21},"end":{"line":345,"column":7}},"line":331}},"branchMap":{"0":{"loc":{"start":{"line":29,"column":2},"end":{"line":65,"column":3}},"type":"if","locations":[{"start":{"line":29,"column":2},"end":{"line":65,"column":3}},{"start":{"line":47,"column":9},"end":{"line":65,"column":3}}],"line":29},"1":{"loc":{"start":{"line":87,"column":2},"end":{"line":123,"column":3}},"type":"if","locations":[{"start":{"line":87,"column":2},"end":{"line":123,"column":3}},{"start":{"line":105,"column":9},"end":{"line":123,"column":3}}],"line":87},"2":{"loc":{"start":{"line":129,"column":2},"end":{"line":132,"column":3}},"type":"if","locations":[{"start":{"line":129,"column":2},"end":{"line":132,"column":3}},{"start":{},"end":{}}],"line":129},"3":{"loc":{"start":{"line":173,"column":2},"end":{"line":211,"column":3}},"type":"if","locations":[{"start":{"line":173,"column":2},"end":{"line":211,"column":3}},{"start":{"line":192,"column":9},"end":{"line":211,"column":3}}],"line":173},"4":{"loc":{"start":{"line":217,"column":2},"end":{"line":219,"column":3}},"type":"if","locations":[{"start":{"line":217,"column":2},"end":{"line":219,"column":3}},{"start":{},"end":{}}],"line":217},"5":{"loc":{"start":{"line":226,"column":2},"end":{"line":228,"column":3}},"type":"if","locations":[{"start":{"line":226,"column":2},"end":{"line":228,"column":3}},{"start":{},"end":{}}],"line":226},"6":{"loc":{"start":{"line":281,"column":2},"end":{"line":285,"column":3}},"type":"if","locations":[{"start":{"line":281,"column":2},"end":{"line":285,"column":3}},{"start":{"line":283,"column":9},"end":{"line":285,"column":3}}],"line":281},"7":{"loc":{"start":{"line":336,"column":8},"end":{"line":344,"column":9}},"type":"if","locations":[{"start":{"line":336,"column":8},"end":{"line":344,"column":9}},{"start":{},"end":{}}],"line":336},"8":{"loc":{"start":{"line":337,"column":10},"end":{"line":343,"column":11}},"type":"if","locations":[{"start":{"line":337,"column":10},"end":{"line":343,"column":11}},{"start":{"line":339,"column":17},"end":{"line":343,"column":11}}],"line":337},"9":{"loc":{"start":{"line":339,"column":17},"end":{"line":343,"column":11}},"type":"if","locations":[{"start":{"line":339,"column":17},"end":{"line":343,"column":11}},{"start":{"line":341,"column":17},"end":{"line":343,"column":11}}],"line":339}},"s":{"0":1,"1":1,"2":1,"3":1,"4":1,"5":1,"6":1,"7":1,"8":1,"9":1,"10":1,"11":1,"12":1,"13":1,"14":1,"15":1,"16":1,"17":1,"18":0,"19":0,"20":0,"21":0,"22":0,"23":0,"24":0,"25":0,"26":0,"27":0,"28":0,"29":0,"30":0,"31":0,"32":0,"33":0,"34":0,"35":0,"36":0,"37":0,"38":1,"39":0,"40":0,"41":0,"42":0,"43":0,"44":0,"45":0,"46":0,"47":0,"48":0,"49":0,"50":0,"51":0,"52":0,"53":0,"54":0,"55":0,"56":0,"57":0,"58":0,"59":0,"60":0,"61":0,"62":0,"63":0,"64":0,"65":0,"66":0,"67":1,"68":0,"69":0,"70":0,"71":0,"72":1,"73":0,"74":1,"75":0,"76":0,"77":0,"78":0,"79":0,"80":0,"81":0,"82":0,"83":0,"84":1,"85":0,"86":1,"87":0,"88":1,"89":0,"90":0,"91":0,"92":0,"93":0,"94":0,"95":0,"96":0,"97":0,"98":0,"99":0,"100":0,"101":0,"102":0,"103":0,"104":0,"105":0,"106":0,"107":0,"108":0,"109":1,"110":0,"111":0,"112":0,"113":0,"114":0,"115":1,"116":0,"117":0,"118":0,"119":0,"120":0,"121":1,"122":0,"123":1,"124":0,"125":1,"126":0,"127":1,"128":0,"129":0,"130":0,"131":0,"132":0,"133":0,"134":0,"135":1,"136":0,"137":1,"138":0,"139":0,"140":0,"141":0,"142":0,"143":0,"144":0,"145":0,"146":0,"147":0,"148":0,"149":0,"150":0,"151":0,"152":0,"153":0,"154":0,"155":0,"156":0,"157":0,"158":0,"159":0,"160":0,"161":0,"162":0,"163":0,"164":0,"165":0,"166":0,"167":0,"168":0,"169":1,"170":1,"171":1,"172":1},"f":{"0":0,"1":0,"2":0,"3":0,"4":0,"5":0,"6":0,"7":0,"8":0,"9":0,"10":0,"11":0,"12":0,"13":0,"14":0,"15":0,"16":0,"17":0,"18":0,"19":0,"20":0,"21":0,"22":0,"23":0,"24":0,"25":0,"26":0,"27":0,"28":0,"29":0,"30":0,"31":0,"32":0,"33":0,"34":0,"35":0,"36":0,"37":0,"38":0,"39":0,"40":0,"41":0,"42":0,"43":0,"44":0,"45":0,"46":0,"47":0,"48":0},"b":{"0":[0,0],"1":[0,0],"2":[0,0],"3":[0,0],"4":[0,0],"5":[0,0],"6":[0,0],"7":[0,0],"8":[0,0],"9":[0,0]},"_coverageSchema":"1a1c01bbd47fc00a2c39e90264f33305004495a9","hash":"bdace390ecefae8f8fa6fb6743d472bf5adbd9e3"}
}
