TN:
SF:app.js
FN:25,(anonymous_0)
FN:34,(anonymous_1)
FN:37,(anonymous_2)
FN:44,(anonymous_3)
FN:52,(anonymous_4)
FN:55,(anonymous_5)
FN:62,(anonymous_6)
FN:71,(anonymous_7)
FN:79,(anonymous_8)
FN:80,(anonymous_9)
FN:92,(anonymous_10)
FN:95,(anonymous_11)
FN:102,(anonymous_12)
FN:110,(anonymous_13)
FN:113,(anonymous_14)
FN:120,(anonymous_15)
FN:127,(anonymous_16)
FN:135,(anonymous_17)
FN:139,(anonymous_18)
FN:150,(anonymous_19)
FN:155,(anonymous_20)
FN:161,(anonymous_21)
FN:165,(anonymous_22)
FN:170,(anonymous_23)
FN:178,(anonymous_24)
FN:182,(anonymous_25)
FN:189,(anonymous_26)
FN:197,(anonymous_27)
FN:201,(anonymous_28)
FN:208,(anonymous_29)
FN:215,(anonymous_30)
FN:224,(anonymous_31)
FN:233,(anonymous_32)
FN:237,(anonymous_33)
FN:241,(anonymous_34)
FN:245,(anonymous_35)
FN:255,(anonymous_36)
FN:259,(anonymous_37)
FN:264,checkUserDefinedCurrency
FN:269,changeCurrencyBase
FN:274,addCurrency
FN:279,deleteCurrency
FN:289,sendMessage1
FN:303,(anonymous_43)
FN:306,sendMessage2
FN:320,(anonymous_45)
FN:322,scheduler
FN:326,(anonymous_47)
FN:331,(anonymous_48)
FNF:49
FNH:0
FNDA:0,(anonymous_0)
FNDA:0,(anonymous_1)
FNDA:0,(anonymous_2)
FNDA:0,(anonymous_3)
FNDA:0,(anonymous_4)
FNDA:0,(anonymous_5)
FNDA:0,(anonymous_6)
FNDA:0,(anonymous_7)
FNDA:0,(anonymous_8)
FNDA:0,(anonymous_9)
FNDA:0,(anonymous_10)
FNDA:0,(anonymous_11)
FNDA:0,(anonymous_12)
FNDA:0,(anonymous_13)
FNDA:0,(anonymous_14)
FNDA:0,(anonymous_15)
FNDA:0,(anonymous_16)
FNDA:0,(anonymous_17)
FNDA:0,(anonymous_18)
FNDA:0,(anonymous_19)
FNDA:0,(anonymous_20)
FNDA:0,(anonymous_21)
FNDA:0,(anonymous_22)
FNDA:0,(anonymous_23)
FNDA:0,(anonymous_24)
FNDA:0,(anonymous_25)
FNDA:0,(anonymous_26)
FNDA:0,(anonymous_27)
FNDA:0,(anonymous_28)
FNDA:0,(anonymous_29)
FNDA:0,(anonymous_30)
FNDA:0,(anonymous_31)
FNDA:0,(anonymous_32)
FNDA:0,(anonymous_33)
FNDA:0,(anonymous_34)
FNDA:0,(anonymous_35)
FNDA:0,(anonymous_36)
FNDA:0,(anonymous_37)
FNDA:0,checkUserDefinedCurrency
FNDA:0,changeCurrencyBase
FNDA:0,addCurrency
FNDA:0,deleteCurrency
FNDA:0,sendMessage1
FNDA:0,(anonymous_43)
FNDA:0,sendMessage2
FNDA:0,(anonymous_45)
FNDA:0,scheduler
FNDA:0,(anonymous_47)
FNDA:0,(anonymous_48)
DA:1,1
DA:2,1
DA:3,1
DA:4,1
DA:5,1
DA:6,1
DA:7,1
DA:9,1
DA:10,1
DA:12,1
DA:13,1
DA:14,1
DA:17,1
DA:18,1
DA:19,1
DA:20,1
DA:21,1
DA:25,1
DA:26,0
DA:28,0
DA:29,0
DA:30,0
DA:35,0
DA:36,0
DA:37,0
DA:39,0
DA:40,0
DA:41,0
DA:45,0
DA:48,0
DA:53,0
DA:54,0
DA:55,0
DA:57,0
DA:58,0
DA:59,0
DA:63,0
DA:67,0
DA:71,1
DA:72,0
DA:73,0
DA:74,0
DA:76,0
DA:79,0
DA:81,0
DA:82,0
DA:83,0
DA:85,0
DA:86,0
DA:87,0
DA:88,0
DA:93,0
DA:94,0
DA:95,0
DA:97,0
DA:98,0
DA:99,0
DA:103,0
DA:106,0
DA:111,0
DA:112,0
DA:113,0
DA:115,0
DA:116,0
DA:117,0
DA:121,0
DA:124,0
DA:127,1
DA:128,0
DA:129,0
DA:130,0
DA:131,0
DA:135,1
DA:136,0
DA:139,1
DA:140,0
DA:141,0
DA:143,0
DA:146,0
DA:151,0
DA:152,0
DA:153,0
DA:156,0
DA:158,0
DA:161,1
DA:162,0
DA:165,1
DA:166,0
DA:170,1
DA:171,0
DA:172,0
DA:173,0
DA:174,0
DA:180,0
DA:181,0
DA:182,0
DA:184,0
DA:185,0
DA:186,0
DA:190,0
DA:193,0
DA:199,0
DA:200,0
DA:201,0
DA:203,0
DA:204,0
DA:205,0
DA:209,0
DA:212,0
DA:215,1
DA:216,0
DA:217,0
DA:218,0
DA:220,0
DA:221,0
DA:224,1
DA:225,0
DA:226,0
DA:227,0
DA:229,0
DA:230,0
DA:233,1
DA:234,0
DA:237,1
DA:238,0
DA:241,1
DA:242,0
DA:245,1
DA:246,0
DA:247,0
DA:248,0
DA:249,0
DA:250,0
DA:251,0
DA:252,0
DA:255,1
DA:256,0
DA:259,1
DA:260,0
DA:265,0
DA:270,0
DA:275,0
DA:280,0
DA:281,0
DA:282,0
DA:284,0
DA:290,0
DA:291,0
DA:303,0
DA:307,0
DA:308,0
DA:320,0
DA:323,0
DA:324,0
DA:325,0
DA:326,0
DA:327,0
DA:332,0
DA:333,0
DA:334,0
DA:335,0
DA:336,0
DA:337,0
DA:338,0
DA:339,0
DA:340,0
DA:342,0
DA:346,0
DA:347,0
DA:351,1
DA:352,1
DA:353,1
DA:354,1
LF:173
LH:37
BRDA:29,0,0,0
BRDA:29,0,1,0
BRDA:87,1,0,0
BRDA:87,1,1,0
BRDA:129,2,0,0
BRDA:129,2,1,0
BRDA:173,3,0,0
BRDA:173,3,1,0
BRDA:217,4,0,0
BRDA:217,4,1,0
BRDA:226,5,0,0
BRDA:226,5,1,0
BRDA:281,6,0,0
BRDA:281,6,1,0
BRDA:336,7,0,0
BRDA:336,7,1,0
BRDA:337,8,0,0
BRDA:337,8,1,0
BRDA:339,9,0,0
BRDA:339,9,1,0
BRF:20
BRH:0
end_of_record
